project/SyriosMobile/app/build/intermediates/manifest_merge_blame_file/debug/processDebugMainManifest/manifest-merger-blame-debug-report.txt
1<?xml version="1.0" encoding="utf-8"?>
2<manifest xmlns:android="http://schemas.android.com/apk/res/android"
3    package="br.com.syrios.mobile"
4    android:versionCode="1"
5    android:versionName="1.0" >
6
7    <uses-sdk
8        android:minSdkVersion="26"
9        android:targetSdkVersion="36" />
10
11    <uses-permission android:name="android.permission.INTERNET" />
11-->src\main\AndroidManifest.xml:5:5-67
11-->src\main\AndroidManifest.xml:5:22-64
12
13    <permission
13-->[androidx.core:core:1.13.0] AndroidManifest.xml:22:5-24:47
14        android:name="br.com.syrios.mobile.DYNAMIC_RECEIVER_NOT_EXPORTED_PERMISSION"
14-->[androidx.core:core:1.13.0] AndroidManifest.xml:23:9-81
15        android:protectionLevel="signature" />
15-->[androidx.core:core:1.13.0] AndroidManifest.xml:24:9-44
16
17    <uses-permission android:name="br.com.syrios.mobile.DYNAMIC_RECEIVER_NOT_EXPORTED_PERMISSION" />
17-->[androidx.core:core:1.13.0] AndroidManifest.xml:26:5-97
17-->[androidx.core:core:1.13.0] AndroidManifest.xml:26:22-94
18
19    <application
19-->src\main\AndroidManifest.xml:7:5-49:19
20        android:name="br.com.syrios.mobile.App"
20-->src\main\AndroidManifest.xml:17:9-28
21        android:allowBackup="true"
21-->src\main\AndroidManifest.xml:9:9-35
22        android:appComponentFactory="androidx.core.app.CoreComponentFactory"
22-->[androidx.core:core:1.13.0] AndroidManifest.xml:28:18-86
23        android:dataExtractionRules="@xml/data_extraction_rules"
23-->src\main\AndroidManifest.xml:10:9-65
24        android:debuggable="true"
25        android:extractNativeLibs="false"
26        android:fullBackupContent="@xml/backup_rules"
26-->src\main\AndroidManifest.xml:11:9-54
27        android:icon="@mipmap/ic_launcher"
27-->src\main\AndroidManifest.xml:12:9-43
28        android:label="@string/app_name"
28-->src\main\AndroidManifest.xml:13:9-41
29        android:roundIcon="@mipmap/ic_launcher_round"
29-->src\main\AndroidManifest.xml:14:9-54
30        android:supportsRtl="true"
30-->src\main\AndroidManifest.xml:15:9-35
31        android:testOnly="true"
32        android:theme="@style/Theme.SyriosMobile"
32-->src\main\AndroidManifest.xml:16:9-50
33        android:usesCleartextTraffic="true" >
33-->src\main\AndroidManifest.xml:8:9-44
34        <activity
34-->src\main\AndroidManifest.xml:18:9-26:20
35            android:name="br.com.syrios.mobile.LauncherActivity"
35-->src\main\AndroidManifest.xml:19:13-45
36            android:exported="true" >
36-->src\main\AndroidManifest.xml:20:13-36
37            <intent-filter>
37-->src\main\AndroidManifest.xml:21:13-25:29
38                <action android:name="android.intent.action.MAIN" />
38-->src\main\AndroidManifest.xml:22:17-69
38-->src\main\AndroidManifest.xml:22:25-66
39
40                <category android:name="android.intent.category.LAUNCHER" />
40-->src\main\AndroidManifest.xml:24:17-77
40-->src\main\AndroidManifest.xml:24:27-74
41            </intent-filter>
42        </activity>
43        <activity android:name="br.com.syrios.mobile.ui.professor.ofertas.MinhasOfertasActivity" />
43-->src\main\AndroidManifest.xml:28:9-80
43-->src\main\AndroidManifest.xml:28:19-77
44        <activity android:name="br.com.syrios.mobile.ui.professor.alunos.SelecionarAlunosActivity" />
44-->src\main\AndroidManifest.xml:29:9-82
44-->src\main\AndroidManifest.xml:29:19-79
45        <activity android:name="br.com.syrios.mobile.ui.professor.ocorrencias.RegistrarOcorrenciaActivity" />
45-->src\main\AndroidManifest.xml:30:9-90
45-->src\main\AndroidManifest.xml:30:19-87
46        <activity android:name="br.com.syrios.mobile.ui.professor.ocorrencias.MinhasOcorrenciasActivity" />
46-->src\main\AndroidManifest.xml:31:9-88
46-->src\main\AndroidManifest.xml:31:19-85
47        <activity android:name="br.com.syrios.mobile.ui.login.LoginProfessorActivity" />
47-->src\main\AndroidManifest.xml:33:9-69
47-->src\main\AndroidManifest.xml:33:19-66
48        <activity android:name="br.com.syrios.mobile.ui.choose.ChooseSchoolActivity" />
48-->src\main\AndroidManifest.xml:35:9-36:62
48-->src\main\AndroidManifest.xml:36:13-59
49        <activity android:name="br.com.syrios.mobile.ui.choose.ChooseRoleActivity" />
49-->src\main\AndroidManifest.xml:38:9-39:60
49-->src\main\AndroidManifest.xml:39:13-57
50        <activity android:name="br.com.syrios.mobile.ui.choose.ChooseSchoolWebActivity" />
50-->src\main\AndroidManifest.xml:41:9-42:65
50-->src\main\AndroidManifest.xml:42:13-62
51        <activity android:name="br.com.syrios.mobile.ui.choose.ChooseRoleWebActivity" />
51-->src\main\AndroidManifest.xml:44:9-45:63
51-->src\main\AndroidManifest.xml:45:13-60
52        <activity android:name="br.com.syrios.mobile.ui.professor.dashboard.ProfessorDashboardActivity" />
52-->src\main\AndroidManifest.xml:47:9-87
52-->src\main\AndroidManifest.xml:47:19-84
53
54        <service
54-->[androidx.room:room-runtime:2.6.1] AndroidManifest.xml:24:9-28:63
55            android:name="androidx.room.MultiInstanceInvalidationService"
55-->[androidx.room:room-runtime:2.6.1] AndroidManifest.xml:25:13-74
56            android:directBootAware="true"
56-->[androidx.room:room-runtime:2.6.1] AndroidManifest.xml:26:13-43
57            android:exported="false" />
57-->[androidx.room:room-runtime:2.6.1] AndroidManifest.xml:27:13-37
58
59        <provider
59-->[androidx.emoji2:emoji2:1.3.0] AndroidManifest.xml:24:9-32:20
60            android:name="androidx.startup.InitializationProvider"
60-->[androidx.emoji2:emoji2:1.3.0] AndroidManifest.xml:25:13-67
61            android:authorities="br.com.syrios.mobile.androidx-startup"
61-->[androidx.emoji2:emoji2:1.3.0] AndroidManifest.xml:26:13-68
62            android:exported="false" >
62-->[androidx.emoji2:emoji2:1.3.0] AndroidManifest.xml:27:13-37
63            <meta-data
63-->[androidx.emoji2:emoji2:1.3.0] AndroidManifest.xml:29:13-31:52
64                android:name="androidx.emoji2.text.EmojiCompatInitializer"
64-->[androidx.emoji2:emoji2:1.3.0] AndroidManifest.xml:30:17-75
65                android:value="androidx.startup" />
65-->[androidx.emoji2:emoji2:1.3.0] AndroidManifest.xml:31:17-49
66            <meta-data
66-->[androidx.lifecycle:lifecycle-process:2.6.2] AndroidManifest.xml:29:13-31:52
67                android:name="androidx.lifecycle.ProcessLifecycleInitializer"
67-->[androidx.lifecycle:lifecycle-process:2.6.2] AndroidManifest.xml:30:17-78
68                android:value="androidx.startup" />
68-->[androidx.lifecycle:lifecycle-process:2.6.2] AndroidManifest.xml:31:17-49
69            <meta-data
69-->[androidx.profileinstaller:profileinstaller:1.4.0] AndroidManifest.xml:29:13-31:52
70                android:name="androidx.profileinstaller.ProfileInstallerInitializer"
70-->[androidx.profileinstaller:profileinstaller:1.4.0] AndroidManifest.xml:30:17-85
71                android:value="androidx.startup" />
71-->[androidx.profileinstaller:profileinstaller:1.4.0] AndroidManifest.xml:31:17-49
72        </provider>
73
74        <receiver
74-->[androidx.profileinstaller:profileinstaller:1.4.0] AndroidManifest.xml:34:9-52:20
75            android:name="androidx.profileinstaller.ProfileInstallReceiver"
75-->[androidx.profileinstaller:profileinstaller:1.4.0] AndroidManifest.xml:35:13-76
76            android:directBootAware="false"
76-->[androidx.profileinstaller:profileinstaller:1.4.0] AndroidManifest.xml:36:13-44
77            android:enabled="true"
77-->[androidx.profileinstaller:profileinstaller:1.4.0] AndroidManifest.xml:37:13-35
78            android:exported="true"
78-->[androidx.profileinstaller:profileinstaller:1.4.0] AndroidManifest.xml:38:13-36
79            android:permission="android.permission.DUMP" >
79-->[androidx.profileinstaller:profileinstaller:1.4.0] AndroidManifest.xml:39:13-57
80            <intent-filter>
80-->[androidx.profileinstaller:profileinstaller:1.4.0] AndroidManifest.xml:40:13-42:29
81                <action android:name="androidx.profileinstaller.action.INSTALL_PROFILE" />
81-->[androidx.profileinstaller:profileinstaller:1.4.0] AndroidManifest.xml:41:17-91
81-->[androidx.profileinstaller:profileinstaller:1.4.0] AndroidManifest.xml:41:25-88
82            </intent-filter>
83            <intent-filter>
83-->[androidx.profileinstaller:profileinstaller:1.4.0] AndroidManifest.xml:43:13-45:29
84                <action android:name="androidx.profileinstaller.action.SKIP_FILE" />
84-->[androidx.profileinstaller:profileinstaller:1.4.0] AndroidManifest.xml:44:17-85
84-->[androidx.profileinstaller:profileinstaller:1.4.0] AndroidManifest.xml:44:25-82
85            </intent-filter>
86            <intent-filter>
86-->[androidx.profileinstaller:profileinstaller:1.4.0] AndroidManifest.xml:46:13-48:29
87                <action android:name="androidx.profileinstaller.action.SAVE_PROFILE" />
87-->[androidx.profileinstaller:profileinstaller:1.4.0] AndroidManifest.xml:47:17-88
87-->[androidx.profileinstaller:profileinstaller:1.4.0] AndroidManifest.xml:47:25-85
88            </intent-filter>
89            <intent-filter>
89-->[androidx.profileinstaller:profileinstaller:1.4.0] AndroidManifest.xml:49:13-51:29
90                <action android:name="androidx.profileinstaller.action.BENCHMARK_OPERATION" />
90-->[androidx.profileinstaller:profileinstaller:1.4.0] AndroidManifest.xml:50:17-95
90-->[androidx.profileinstaller:profileinstaller:1.4.0] AndroidManifest.xml:50:25-92
91            </intent-filter>
92        </receiver>
93    </application>
94
95</manifest>